0 info it worked if it ends with ok
1 verbose cli [ '/Users/tlane/.nvm/versions/node/v7.3.0/bin/node',
1 verbose cli   '/Users/tlane/.nvm/versions/node/v7.3.0/bin/npm',
1 verbose cli   'start' ]
2 info using npm@3.10.10
3 info using node@v7.3.0
4 verbose run-script [ 'prestart', 'start', 'poststart' ]
5 info lifecycle oob@0.0.1~prestart: oob@0.0.1
6 silly lifecycle oob@0.0.1~prestart: no script for prestart, continuing
7 info lifecycle oob@0.0.1~start: oob@0.0.1
8 verbose lifecycle oob@0.0.1~start: unsafe-perm in lifecycle true
9 verbose lifecycle oob@0.0.1~start: PATH: /Users/tlane/.nvm/versions/node/v7.3.0/lib/node_modules/npm/bin/node-gyp-bin:/Users/tlane/projects/oob/node_modules/.bin:~/.cargo/bin:/usr/local/sbin:/Users/tlane/.nvm/versions/node/v7.3.0/bin:/Users/tlane/.gem/ruby/2.1.3/bin:/Users/tlane/.rubies/ruby-2.1.3/lib/ruby/gems/2.1.0/bin:/Users/tlane/.rubies/ruby-2.1.3/bin:/usr/local/bin:/usr/bin:/bin:/usr/sbin:/sbin:/usr/local/share/dotnet
10 verbose lifecycle oob@0.0.1~start: CWD: /Users/tlane/projects/oob
11 silly lifecycle oob@0.0.1~start: Args: [ '-c', 'node server.js --trace-sync-io' ]
12 silly lifecycle oob@0.0.1~start: Returned: code: 1  signal: null
13 info lifecycle oob@0.0.1~start: Failed to exec start script
14 verbose stack Error: oob@0.0.1 start: `node server.js --trace-sync-io`
14 verbose stack Exit status 1
14 verbose stack     at EventEmitter.<anonymous> (/Users/tlane/.nvm/versions/node/v7.3.0/lib/node_modules/npm/lib/utils/lifecycle.js:255:16)
14 verbose stack     at emitTwo (events.js:106:13)
14 verbose stack     at EventEmitter.emit (events.js:191:7)
14 verbose stack     at ChildProcess.<anonymous> (/Users/tlane/.nvm/versions/node/v7.3.0/lib/node_modules/npm/lib/utils/spawn.js:40:14)
14 verbose stack     at emitTwo (events.js:106:13)
14 verbose stack     at ChildProcess.emit (events.js:191:7)
14 verbose stack     at maybeClose (internal/child_process.js:885:16)
14 verbose stack     at Process.ChildProcess._handle.onexit (internal/child_process.js:226:5)
15 verbose pkgid oob@0.0.1
16 verbose cwd /Users/tlane/projects/oob
17 error Darwin 15.6.0
18 error argv "/Users/tlane/.nvm/versions/node/v7.3.0/bin/node" "/Users/tlane/.nvm/versions/node/v7.3.0/bin/npm" "start"
19 error node v7.3.0
20 error npm  v3.10.10
21 error code ELIFECYCLE
22 error oob@0.0.1 start: `node server.js --trace-sync-io`
22 error Exit status 1
23 error Failed at the oob@0.0.1 start script 'node server.js --trace-sync-io'.
23 error Make sure you have the latest version of node.js and npm installed.
23 error If you do, this is most likely a problem with the oob package,
23 error not with npm itself.
23 error Tell the author that this fails on your system:
23 error     node server.js --trace-sync-io
23 error You can get information on how to open an issue for this project with:
23 error     npm bugs oob
23 error Or if that isn't available, you can get their info via:
23 error     npm owner ls oob
23 error There is likely additional logging output above.
24 verbose exit [ 1, true ]
